2016-10-24 19:44:35,104 [Thread-15] FATAL ui.components.BaseWindow - Fatal Error
java.lang.ArrayIndexOutOfBoundsException: 36
	at machine.MachineState.setDisplaySlate(MachineState.java:523)
	at machine.functions.FuncSetPix.exec(FuncSetPix.java:34)
	at instructions.InstrCall.execute(InstrCall.java:38)
	at instructions.Instr.executeWrapper(Instr.java:43)
	at machine.MachineState.executeInstruction(MachineState.java:321)
	at ui.components.BaseWindow$SimulateMachineState.executeOne(BaseWindow.java:754)
	at ui.components.BaseWindow$SimulateMachineState.execute(BaseWindow.java:712)
	at ui.components.BaseWindow$SimulateMachineState.execute(BaseWindow.java:695)
	at org.apache.pivot.util.concurrent.Task$ExecuteCallback.run(Task.java:42)
	at java.util.concurrent.Executors$RunnableAdapter.call(Executors.java:511)
	at java.util.concurrent.FutureTask.run(FutureTask.java:266)
	at java.lang.Thread.run(Thread.java:745)
2016-11-17 23:50:15,679 [main] FATAL ui.AVRSim - Encountered error during runtime.
instructions.RuntimeError: Hit max number of jumps for label: MJ_L26:
	at machine.MachineState.executeInstruction(MachineState.java:310)
	at ui.AVRSim.runAssem(AVRSim.java:97)
	at ui.AVRSim.run(AVRSim.java:82)
	at ui.Main.main(Main.java:134)
	at sun.reflect.NativeMethodAccessorImpl.invoke0(Native Method)
	at sun.reflect.NativeMethodAccessorImpl.invoke(NativeMethodAccessorImpl.java:62)
	at sun.reflect.DelegatingMethodAccessorImpl.invoke(DelegatingMethodAccessorImpl.java:43)
	at java.lang.reflect.Method.invoke(Method.java:498)
	at com.simontuffs.onejar.Boot.run(Boot.java:340)
	at com.simontuffs.onejar.Boot.main(Boot.java:166)
2016-11-17 23:53:56,066 [main] FATAL ui.AVRSim - Encountered fatal error...
java.lang.ClassCastException: instructions.InstrPush cannot be cast to java.util.List
	at parse.ReadAssem.getProgram(ReadAssem.java:37)
	at ui.AVRSim.loadAssemFile(AVRSim.java:67)
	at ui.AVRSim.run(AVRSim.java:76)
	at ui.Main.main(Main.java:134)
	at sun.reflect.NativeMethodAccessorImpl.invoke0(Native Method)
	at sun.reflect.NativeMethodAccessorImpl.invoke(NativeMethodAccessorImpl.java:62)
	at sun.reflect.DelegatingMethodAccessorImpl.invoke(DelegatingMethodAccessorImpl.java:43)
	at java.lang.reflect.Method.invoke(Method.java:498)
	at com.simontuffs.onejar.Boot.run(Boot.java:340)
	at com.simontuffs.onejar.Boot.main(Boot.java:166)
2016-11-18 00:04:19,824 [main] FATAL ui.AVRSim - Encountered fatal error...
java.lang.ClassCastException: instructions.InstrPush cannot be cast to java.util.List
	at parse.ReadAssem.getProgram(ReadAssem.java:37)
	at ui.AVRSim.loadAssemFile(AVRSim.java:67)
	at ui.AVRSim.run(AVRSim.java:76)
	at ui.Main.main(Main.java:134)
	at sun.reflect.NativeMethodAccessorImpl.invoke0(Native Method)
	at sun.reflect.NativeMethodAccessorImpl.invoke(NativeMethodAccessorImpl.java:62)
	at sun.reflect.DelegatingMethodAccessorImpl.invoke(DelegatingMethodAccessorImpl.java:43)
	at java.lang.reflect.Method.invoke(Method.java:498)
	at com.simontuffs.onejar.Boot.run(Boot.java:340)
	at com.simontuffs.onejar.Boot.main(Boot.java:166)
2016-11-18 00:07:34,077 [main] FATAL ui.AVRSim - Encountered fatal error...
java.lang.ClassCastException: instructions.InstrPush cannot be cast to java.util.List
	at parse.ReadAssem.getProgram(ReadAssem.java:37)
	at ui.AVRSim.loadAssemFile(AVRSim.java:67)
	at ui.AVRSim.run(AVRSim.java:76)
	at ui.Main.main(Main.java:134)
	at sun.reflect.NativeMethodAccessorImpl.invoke0(Native Method)
	at sun.reflect.NativeMethodAccessorImpl.invoke(NativeMethodAccessorImpl.java:62)
	at sun.reflect.DelegatingMethodAccessorImpl.invoke(DelegatingMethodAccessorImpl.java:43)
	at java.lang.reflect.Method.invoke(Method.java:498)
	at com.simontuffs.onejar.Boot.run(Boot.java:340)
	at com.simontuffs.onejar.Boot.main(Boot.java:166)
2016-11-18 00:18:46,804 [main] FATAL ui.AVRSim - Encountered fatal error...
java.lang.ClassCastException: instructions.InstrPush cannot be cast to java.util.List
	at parse.ReadAssem.getProgram(ReadAssem.java:37)
	at ui.AVRSim.loadAssemFile(AVRSim.java:67)
	at ui.AVRSim.run(AVRSim.java:76)
	at ui.Main.main(Main.java:134)
	at sun.reflect.NativeMethodAccessorImpl.invoke0(Native Method)
	at sun.reflect.NativeMethodAccessorImpl.invoke(NativeMethodAccessorImpl.java:62)
	at sun.reflect.DelegatingMethodAccessorImpl.invoke(DelegatingMethodAccessorImpl.java:43)
	at java.lang.reflect.Method.invoke(Method.java:498)
	at com.simontuffs.onejar.Boot.run(Boot.java:340)
	at com.simontuffs.onejar.Boot.main(Boot.java:166)
2016-11-18 00:22:34,955 [main] FATAL ui.AVRSim - Encountered fatal error...
java.lang.ClassCastException: instructions.InstrPush cannot be cast to java.util.List
	at parse.ReadAssem.getProgram(ReadAssem.java:37)
	at ui.AVRSim.loadAssemFile(AVRSim.java:67)
	at ui.AVRSim.run(AVRSim.java:76)
	at ui.Main.main(Main.java:134)
	at sun.reflect.NativeMethodAccessorImpl.invoke0(Native Method)
	at sun.reflect.NativeMethodAccessorImpl.invoke(NativeMethodAccessorImpl.java:62)
	at sun.reflect.DelegatingMethodAccessorImpl.invoke(DelegatingMethodAccessorImpl.java:43)
	at java.lang.reflect.Method.invoke(Method.java:498)
	at com.simontuffs.onejar.Boot.run(Boot.java:340)
	at com.simontuffs.onejar.Boot.main(Boot.java:166)
2016-11-18 00:27:11,488 [main] FATAL ui.AVRSim - Encountered fatal error...
java.lang.ClassCastException: instructions.InstrPush cannot be cast to java.util.List
	at parse.ReadAssem.getProgram(ReadAssem.java:37)
	at ui.AVRSim.loadAssemFile(AVRSim.java:67)
	at ui.AVRSim.run(AVRSim.java:76)
	at ui.Main.main(Main.java:134)
	at sun.reflect.NativeMethodAccessorImpl.invoke0(Native Method)
	at sun.reflect.NativeMethodAccessorImpl.invoke(NativeMethodAccessorImpl.java:62)
	at sun.reflect.DelegatingMethodAccessorImpl.invoke(DelegatingMethodAccessorImpl.java:43)
	at java.lang.reflect.Method.invoke(Method.java:498)
	at com.simontuffs.onejar.Boot.run(Boot.java:340)
	at com.simontuffs.onejar.Boot.main(Boot.java:166)
2016-11-18 14:16:08,657 [main] FATAL ui.AVRSim - Encountered fatal error...
java.lang.ClassCastException: instructions.InstrPush cannot be cast to java.util.List
	at parse.ReadAssem.getProgram(ReadAssem.java:37)
	at ui.AVRSim.loadAssemFile(AVRSim.java:67)
	at ui.AVRSim.run(AVRSim.java:76)
	at ui.Main.main(Main.java:134)
	at sun.reflect.NativeMethodAccessorImpl.invoke0(Native Method)
	at sun.reflect.NativeMethodAccessorImpl.invoke(NativeMethodAccessorImpl.java:62)
	at sun.reflect.DelegatingMethodAccessorImpl.invoke(DelegatingMethodAccessorImpl.java:43)
	at java.lang.reflect.Method.invoke(Method.java:498)
	at com.simontuffs.onejar.Boot.run(Boot.java:340)
	at com.simontuffs.onejar.Boot.main(Boot.java:166)
2016-11-18 14:16:42,377 [main] FATAL ui.AVRSim - Encountered fatal error...
java.lang.ArrayIndexOutOfBoundsException: 253
	at machine.MachineState.setDisplaySlate(MachineState.java:523)
	at machine.functions.FuncSetPix.exec(FuncSetPix.java:34)
	at instructions.InstrCall.execute(InstrCall.java:38)
	at instructions.Instr.executeWrapper(Instr.java:43)
	at machine.MachineState.executeInstruction(MachineState.java:321)
	at ui.AVRSim.runAssem(AVRSim.java:97)
	at ui.AVRSim.run(AVRSim.java:82)
	at ui.Main.main(Main.java:134)
	at sun.reflect.NativeMethodAccessorImpl.invoke0(Native Method)
	at sun.reflect.NativeMethodAccessorImpl.invoke(NativeMethodAccessorImpl.java:62)
	at sun.reflect.DelegatingMethodAccessorImpl.invoke(DelegatingMethodAccessorImpl.java:43)
	at java.lang.reflect.Method.invoke(Method.java:498)
	at com.simontuffs.onejar.Boot.run(Boot.java:340)
	at com.simontuffs.onejar.Boot.main(Boot.java:166)
2016-11-18 14:17:26,079 [main] FATAL ui.AVRSim - Encountered fatal error...
java.lang.ClassCastException: instructions.InstrPush cannot be cast to java.util.List
	at parse.ReadAssem.getProgram(ReadAssem.java:37)
	at ui.AVRSim.loadAssemFile(AVRSim.java:67)
	at ui.AVRSim.run(AVRSim.java:76)
	at ui.Main.main(Main.java:134)
	at sun.reflect.NativeMethodAccessorImpl.invoke0(Native Method)
	at sun.reflect.NativeMethodAccessorImpl.invoke(NativeMethodAccessorImpl.java:62)
	at sun.reflect.DelegatingMethodAccessorImpl.invoke(DelegatingMethodAccessorImpl.java:43)
	at java.lang.reflect.Method.invoke(Method.java:498)
	at com.simontuffs.onejar.Boot.run(Boot.java:340)
	at com.simontuffs.onejar.Boot.main(Boot.java:166)
2016-11-18 14:59:42,102 [main] FATAL ui.AVRSim - Encountered error during runtime.
instructions.RuntimeError: Hit max number of jumps for label: MJ_L4:
	at machine.MachineState.executeInstruction(MachineState.java:310)
	at ui.AVRSim.runAssem(AVRSim.java:97)
	at ui.AVRSim.run(AVRSim.java:82)
	at ui.Main.main(Main.java:134)
	at sun.reflect.NativeMethodAccessorImpl.invoke0(Native Method)
	at sun.reflect.NativeMethodAccessorImpl.invoke(NativeMethodAccessorImpl.java:62)
	at sun.reflect.DelegatingMethodAccessorImpl.invoke(DelegatingMethodAccessorImpl.java:43)
	at java.lang.reflect.Method.invoke(Method.java:498)
	at com.simontuffs.onejar.Boot.run(Boot.java:340)
	at com.simontuffs.onejar.Boot.main(Boot.java:166)
2016-11-18 15:03:08,023 [main] FATAL ui.AVRSim - Encountered fatal error...
parse.ParseException: [722,11] Fatal parsing error
	at parse.sim_inst.report_fatal_error(sim_inst.java:616)
	at parse.sim_inst.unrecovered_syntax_error(sim_inst.java:607)
	at java_cup.runtime.lr_parser.parse(lr_parser.java:616)
	at parse.ReadAssem.getProgram(ReadAssem.java:37)
	at ui.AVRSim.loadAssemFile(AVRSim.java:67)
	at ui.AVRSim.run(AVRSim.java:76)
	at ui.Main.main(Main.java:134)
	at sun.reflect.NativeMethodAccessorImpl.invoke0(Native Method)
	at sun.reflect.NativeMethodAccessorImpl.invoke(NativeMethodAccessorImpl.java:62)
	at sun.reflect.DelegatingMethodAccessorImpl.invoke(DelegatingMethodAccessorImpl.java:43)
	at java.lang.reflect.Method.invoke(Method.java:498)
	at com.simontuffs.onejar.Boot.run(Boot.java:340)
	at com.simontuffs.onejar.Boot.main(Boot.java:166)
2016-11-18 15:19:08,087 [main] FATAL ui.AVRSim - Encountered error during runtime.
instructions.RuntimeError: Hit max number of jumps for label: MJ_L0:
	at machine.MachineState.executeInstruction(MachineState.java:310)
	at ui.AVRSim.runAssem(AVRSim.java:97)
	at ui.AVRSim.run(AVRSim.java:82)
	at ui.Main.main(Main.java:134)
	at sun.reflect.NativeMethodAccessorImpl.invoke0(Native Method)
	at sun.reflect.NativeMethodAccessorImpl.invoke(NativeMethodAccessorImpl.java:62)
	at sun.reflect.DelegatingMethodAccessorImpl.invoke(DelegatingMethodAccessorImpl.java:43)
	at java.lang.reflect.Method.invoke(Method.java:498)
	at com.simontuffs.onejar.Boot.run(Boot.java:340)
	at com.simontuffs.onejar.Boot.main(Boot.java:166)
2016-11-18 15:28:30,545 [main] FATAL ui.AVRSim - Encountered error during runtime.
instructions.RuntimeError: Hit max number of jumps for label: MJ_L26:
	at machine.MachineState.executeInstruction(MachineState.java:310)
	at ui.AVRSim.runAssem(AVRSim.java:97)
	at ui.AVRSim.run(AVRSim.java:82)
	at ui.Main.main(Main.java:134)
	at sun.reflect.NativeMethodAccessorImpl.invoke0(Native Method)
	at sun.reflect.NativeMethodAccessorImpl.invoke(NativeMethodAccessorImpl.java:62)
	at sun.reflect.DelegatingMethodAccessorImpl.invoke(DelegatingMethodAccessorImpl.java:43)
	at java.lang.reflect.Method.invoke(Method.java:498)
	at com.simontuffs.onejar.Boot.run(Boot.java:340)
	at com.simontuffs.onejar.Boot.main(Boot.java:166)
2016-11-18 15:31:48,413 [main] FATAL ui.AVRSim - Encountered error during runtime.
instructions.RuntimeError: Hit max number of jumps for label: MJ_L65:
	at machine.MachineState.executeInstruction(MachineState.java:310)
	at ui.AVRSim.runAssem(AVRSim.java:97)
	at ui.AVRSim.run(AVRSim.java:82)
	at ui.Main.main(Main.java:134)
	at sun.reflect.NativeMethodAccessorImpl.invoke0(Native Method)
	at sun.reflect.NativeMethodAccessorImpl.invoke(NativeMethodAccessorImpl.java:62)
	at sun.reflect.DelegatingMethodAccessorImpl.invoke(DelegatingMethodAccessorImpl.java:43)
	at java.lang.reflect.Method.invoke(Method.java:498)
	at com.simontuffs.onejar.Boot.run(Boot.java:340)
	at com.simontuffs.onejar.Boot.main(Boot.java:166)
2016-11-18 15:33:47,529 [main] FATAL ui.AVRSim - Encountered error during runtime.
instructions.RuntimeError: Hit max number of jumps for label: MJ_L132:
	at machine.MachineState.executeInstruction(MachineState.java:310)
	at ui.AVRSim.runAssem(AVRSim.java:97)
	at ui.AVRSim.run(AVRSim.java:82)
	at ui.Main.main(Main.java:134)
	at sun.reflect.NativeMethodAccessorImpl.invoke0(Native Method)
	at sun.reflect.NativeMethodAccessorImpl.invoke(NativeMethodAccessorImpl.java:62)
	at sun.reflect.DelegatingMethodAccessorImpl.invoke(DelegatingMethodAccessorImpl.java:43)
	at java.lang.reflect.Method.invoke(Method.java:498)
	at com.simontuffs.onejar.Boot.run(Boot.java:340)
	at com.simontuffs.onejar.Boot.main(Boot.java:166)
2016-11-18 15:34:00,094 [main] FATAL ui.AVRSim - Encountered error during runtime.
instructions.RuntimeError: Hit max number of jumps for label: MJ_L65:
	at machine.MachineState.executeInstruction(MachineState.java:310)
	at ui.AVRSim.runAssem(AVRSim.java:97)
	at ui.AVRSim.run(AVRSim.java:82)
	at ui.Main.main(Main.java:134)
	at sun.reflect.NativeMethodAccessorImpl.invoke0(Native Method)
	at sun.reflect.NativeMethodAccessorImpl.invoke(NativeMethodAccessorImpl.java:62)
	at sun.reflect.DelegatingMethodAccessorImpl.invoke(DelegatingMethodAccessorImpl.java:43)
	at java.lang.reflect.Method.invoke(Method.java:498)
	at com.simontuffs.onejar.Boot.run(Boot.java:340)
	at com.simontuffs.onejar.Boot.main(Boot.java:166)
